0 verbose cli C:\Program Files\nodejs\node.exe C:\Program Files (x86)\Nodist\bin\node_modules\npm\bin\npm-cli.js
1 info using npm@8.19.2
2 info using node@v14.18.1
3 timing npm:load:whichnode Completed in 1ms
4 timing config:load:defaults Completed in 1ms
5 timing config:load:file:C:\Program Files (x86)\Nodist\bin\node_modules\npm\npmrc Completed in 2ms
6 timing config:load:builtin Completed in 2ms
7 timing config:load:cli Completed in 1ms
8 timing config:load:env Completed in 1ms
9 timing config:load:file:C:\Users\abeta\OneDrive\デスクトップ\react\todolist-youtube\.npmrc Completed in 0ms
10 timing config:load:project Completed in 3ms
11 timing config:load:file:C:\Users\abeta\.npmrc Completed in 0ms
12 timing config:load:user Completed in 0ms
13 timing config:load:file:C:\Program Files (x86)\Nodist\bin\etc\npmrc Completed in 1ms
14 timing config:load:global Completed in 1ms
15 timing config:load:validate Completed in 0ms
16 timing config:load:credentials Completed in 1ms
17 timing config:load:setEnvs Completed in 0ms
18 timing config:load Completed in 10ms
19 timing npm:load:configload Completed in 10ms
20 timing npm:load:mkdirpcache Completed in 1ms
21 timing npm:load:mkdirplogs Completed in 0ms
22 verbose title npm init @eslint/config
23 verbose argv "init" "@eslint/config"
24 timing npm:load:setTitle Completed in 1ms
25 timing config:load:flatten Completed in 2ms
26 timing npm:load:display Completed in 3ms
27 verbose logfile logs-max:10 dir:C:\Users\abeta\OneDrive\デスクトップ\react\todolist-youtube\_logs
28 verbose logfile C:\Users\abeta\OneDrive\デスクトップ\react\todolist-youtube\_logs\2022-10-26T12_18_57_477Z-debug-0.log
29 timing npm:load:logFile Completed in 6ms
30 timing npm:load:timers Completed in 0ms
31 timing npm:load:configScope Completed in 0ms
32 timing npm:load Completed in 22ms
33 silly logfile done cleaning log files
34 timing arborist:ctor Completed in 1ms
35 verbose shrinkwrap failed to load node_modules/.package-lock.json out of date, updated: node_modules
36 http fetch GET 200 https://registry.npmjs.org/@eslint%2fcreate-config 1343ms (cache miss)
37 timing arborist:ctor Completed in 0ms
38 timing arborist:ctor Completed in 0ms
39 timing idealTree:init Completed in 8ms
40 timing idealTree:userRequests Completed in 1ms
41 silly idealTree buildDeps
42 silly fetch manifest @eslint/create-config@0.4.0
43 http fetch GET 200 https://registry.npmjs.org/@eslint%2fcreate-config 9ms (cache hit)
44 silly placeDep ROOT @eslint/create-config@0.4.0 OK for:  want: 0.4.0
45 silly fetch manifest @eslint/eslintrc@^1.0.3
46 silly fetch manifest cross-spawn@^7.0.2
47 silly fetch manifest debug@^4.0.1
48 silly fetch manifest enquirer@^2.3.5
49 silly fetch manifest js-yaml@^4.1.0
50 silly fetch manifest json-stable-stringify-without-jsonify@^1.0.1
51 silly fetch manifest mri@^1.2.0
52 silly fetch manifest semver@^7.2.1
53 http fetch GET 200 https://registry.npmjs.org/@eslint%2feslintrc 92ms (cache miss)
54 http fetch GET 200 https://registry.npmjs.org/json-stable-stringify-without-jsonify 112ms (cache miss)
55 http fetch GET 200 https://registry.npmjs.org/mri 111ms (cache miss)
56 http fetch GET 200 https://registry.npmjs.org/debug 120ms (cache miss)
57 http fetch GET 200 https://registry.npmjs.org/enquirer 121ms (cache miss)
58 http fetch GET 200 https://registry.npmjs.org/semver 121ms (cache miss)
59 http fetch GET 200 https://registry.npmjs.org/cross-spawn 138ms (cache miss)
60 http fetch GET 200 https://registry.npmjs.org/js-yaml 172ms (cache miss)
61 timing idealTree:#root Completed in 189ms
62 silly placeDep ROOT @eslint/eslintrc@1.3.3 OK for: @eslint/create-config@0.4.0 want: ^1.0.3
63 silly placeDep ROOT cross-spawn@7.0.3 OK for: @eslint/create-config@0.4.0 want: ^7.0.2
64 silly placeDep ROOT debug@4.3.4 OK for: @eslint/create-config@0.4.0 want: ^4.0.1
65 silly placeDep ROOT enquirer@2.3.6 OK for: @eslint/create-config@0.4.0 want: ^2.3.5
66 silly placeDep ROOT js-yaml@4.1.0 OK for: @eslint/create-config@0.4.0 want: ^4.1.0
67 silly placeDep ROOT json-stable-stringify-without-jsonify@1.0.1 OK for: @eslint/create-config@0.4.0 want: ^1.0.1
68 silly placeDep ROOT mri@1.2.0 OK for: @eslint/create-config@0.4.0 want: ^1.2.0
69 silly placeDep ROOT semver@7.3.8 OK for: @eslint/create-config@0.4.0 want: ^7.2.1
70 silly fetch manifest ajv@^6.12.4
71 silly fetch manifest espree@^9.4.0
72 silly fetch manifest globals@^13.15.0
73 silly fetch manifest ignore@^5.2.0
74 silly fetch manifest import-fresh@^3.2.1
75 silly fetch manifest minimatch@^3.1.2
76 silly fetch manifest strip-json-comments@^3.1.1
77 silly fetch manifest path-key@^3.1.0
78 silly fetch manifest shebang-command@^2.0.0
79 silly fetch manifest which@^2.0.1
80 silly fetch manifest ms@2.1.2
81 silly fetch manifest ansi-colors@^4.1.1
82 silly fetch manifest argparse@^2.0.1
83 silly fetch manifest lru-cache@^6.0.0
84 http fetch GET 200 https://registry.npmjs.org/import-fresh 65ms (cache miss)
85 http fetch GET 200 https://registry.npmjs.org/ignore 74ms (cache miss)
86 http fetch GET 200 https://registry.npmjs.org/strip-json-comments 74ms (cache miss)
87 http fetch GET 200 https://registry.npmjs.org/path-key 74ms (cache miss)
88 http fetch GET 200 https://registry.npmjs.org/globals 79ms (cache miss)
89 http fetch GET 200 https://registry.npmjs.org/espree 88ms (cache miss)
90 http fetch GET 200 https://registry.npmjs.org/minimatch 87ms (cache miss)
91 http fetch GET 200 https://registry.npmjs.org/ajv 104ms (cache miss)
92 http fetch GET 200 https://registry.npmjs.org/argparse 121ms (cache miss)
93 http fetch GET 200 https://registry.npmjs.org/shebang-command 124ms (cache miss)
94 http fetch GET 200 https://registry.npmjs.org/which 125ms (cache miss)
95 http fetch GET 200 https://registry.npmjs.org/ansi-colors 125ms (cache miss)
96 http fetch GET 200 https://registry.npmjs.org/lru-cache 128ms (cache miss)
97 http fetch GET 200 https://registry.npmjs.org/ms 158ms (cache miss)
98 timing idealTree:node_modules/@eslint/create-config Completed in 169ms
99 silly placeDep ROOT ajv@6.12.6 OK for: @eslint/eslintrc@1.3.3 want: ^6.12.4
100 silly placeDep ROOT espree@9.4.0 OK for: @eslint/eslintrc@1.3.3 want: ^9.4.0
101 silly placeDep ROOT globals@13.17.0 OK for: @eslint/eslintrc@1.3.3 want: ^13.15.0
102 silly placeDep ROOT ignore@5.2.0 OK for: @eslint/eslintrc@1.3.3 want: ^5.2.0
103 silly placeDep ROOT import-fresh@3.3.0 OK for: @eslint/eslintrc@1.3.3 want: ^3.2.1
104 silly placeDep ROOT minimatch@3.1.2 OK for: @eslint/eslintrc@1.3.3 want: ^3.1.2
105 silly placeDep ROOT strip-json-comments@3.1.1 OK for: @eslint/eslintrc@1.3.3 want: ^3.1.1
106 silly fetch manifest fast-deep-equal@^3.1.1
107 silly fetch manifest fast-json-stable-stringify@^2.0.0
108 silly fetch manifest json-schema-traverse@^0.4.1
109 silly fetch manifest uri-js@^4.2.2
110 silly fetch manifest acorn@^8.8.0
111 silly fetch manifest acorn-jsx@^5.3.2
112 silly fetch manifest eslint-visitor-keys@^3.3.0
113 silly fetch manifest type-fest@^0.20.2
114 silly fetch manifest parent-module@^1.0.0
115 silly fetch manifest resolve-from@^4.0.0
116 silly fetch manifest brace-expansion@^1.1.7
117 http fetch GET 200 https://registry.npmjs.org/json-schema-traverse 68ms (cache miss)
118 http fetch GET 200 https://registry.npmjs.org/fast-json-stable-stringify 70ms (cache miss)
119 http fetch GET 200 https://registry.npmjs.org/parent-module 67ms (cache miss)
120 http fetch GET 200 https://registry.npmjs.org/resolve-from 68ms (cache miss)
121 http fetch GET 200 https://registry.npmjs.org/fast-deep-equal 72ms (cache miss)
122 http fetch GET 200 https://registry.npmjs.org/brace-expansion 68ms (cache miss)
123 http fetch GET 200 https://registry.npmjs.org/uri-js 72ms (cache miss)
124 http fetch GET 200 https://registry.npmjs.org/type-fest 76ms (cache miss)
125 http fetch GET 200 https://registry.npmjs.org/acorn 81ms (cache miss)
126 http fetch GET 200 https://registry.npmjs.org/eslint-visitor-keys 95ms (cache miss)
127 http fetch GET 200 https://registry.npmjs.org/acorn-jsx 97ms (cache miss)
128 timing idealTree:node_modules/@eslint/eslintrc Completed in 105ms
129 silly placeDep ROOT fast-deep-equal@3.1.3 OK for: ajv@6.12.6 want: ^3.1.1
130 silly placeDep ROOT fast-json-stable-stringify@2.1.0 OK for: ajv@6.12.6 want: ^2.0.0
131 silly placeDep ROOT json-schema-traverse@0.4.1 OK for: ajv@6.12.6 want: ^0.4.1
132 silly placeDep ROOT uri-js@4.4.1 OK for: ajv@6.12.6 want: ^4.2.2
133 silly fetch manifest punycode@^2.1.0
134 http fetch GET 200 https://registry.npmjs.org/punycode 74ms (cache miss)
135 timing idealTree:node_modules/ajv Completed in 78ms
136 silly placeDep ROOT path-key@3.1.1 OK for: cross-spawn@7.0.3 want: ^3.1.0
137 silly placeDep ROOT shebang-command@2.0.0 OK for: cross-spawn@7.0.3 want: ^2.0.0
138 silly placeDep ROOT which@2.0.2 OK for: cross-spawn@7.0.3 want: ^2.0.1
139 silly fetch manifest shebang-regex@^3.0.0
140 silly fetch manifest isexe@^2.0.0
141 http fetch GET 200 https://registry.npmjs.org/shebang-regex 60ms (cache miss)
142 http fetch GET 200 https://registry.npmjs.org/isexe 63ms (cache miss)
143 timing idealTree:node_modules/cross-spawn Completed in 66ms
144 silly placeDep ROOT ms@2.1.2 OK for: debug@4.3.4 want: 2.1.2
145 timing idealTree:node_modules/debug Completed in 1ms
146 silly placeDep ROOT ansi-colors@4.1.3 OK for: enquirer@2.3.6 want: ^4.1.1
147 timing idealTree:node_modules/enquirer Completed in 1ms
148 timing idealTree:node_modules/ansi-colors Completed in 0ms
149 silly placeDep ROOT acorn@8.8.1 OK for: espree@9.4.0 want: ^8.8.0
150 silly placeDep ROOT acorn-jsx@5.3.2 OK for: espree@9.4.0 want: ^5.3.2
151 silly placeDep ROOT eslint-visitor-keys@3.3.0 OK for: espree@9.4.0 want: ^3.3.0
152 timing idealTree:node_modules/espree Completed in 3ms
153 timing idealTree:node_modules/acorn Completed in 0ms
154 timing idealTree:node_modules/acorn-jsx Completed in 0ms
155 timing idealTree:node_modules/eslint-visitor-keys Completed in 0ms
156 timing idealTree:node_modules/fast-deep-equal Completed in 0ms
157 timing idealTree:node_modules/fast-json-stable-stringify Completed in 0ms
158 silly placeDep ROOT type-fest@0.20.2 OK for: globals@13.17.0 want: ^0.20.2
159 timing idealTree:node_modules/globals Completed in 1ms
160 timing idealTree:node_modules/ignore Completed in 0ms
161 silly placeDep ROOT parent-module@1.0.1 OK for: import-fresh@3.3.0 want: ^1.0.0
162 silly placeDep ROOT resolve-from@4.0.0 OK for: import-fresh@3.3.0 want: ^4.0.0
163 silly fetch manifest callsites@^3.0.0
164 http fetch GET 200 https://registry.npmjs.org/callsites 53ms (cache miss)
165 timing idealTree:node_modules/import-fresh Completed in 56ms
166 silly placeDep ROOT argparse@2.0.1 OK for: js-yaml@4.1.0 want: ^2.0.1
167 timing idealTree:node_modules/js-yaml Completed in 0ms
168 timing idealTree:node_modules/argparse Completed in 0ms
169 timing idealTree:node_modules/json-schema-traverse Completed in 0ms
170 timing idealTree:node_modules/json-stable-stringify-without-jsonify Completed in 1ms
171 silly placeDep ROOT brace-expansion@1.1.11 OK for: minimatch@3.1.2 want: ^1.1.7
172 silly fetch manifest balanced-match@^1.0.0
173 silly fetch manifest concat-map@0.0.1
174 http fetch GET 200 https://registry.npmjs.org/concat-map 52ms (cache miss)
175 http fetch GET 200 https://registry.npmjs.org/balanced-match 67ms (cache miss)
176 timing idealTree:node_modules/minimatch Completed in 69ms
177 silly placeDep ROOT balanced-match@1.0.2 OK for: brace-expansion@1.1.11 want: ^1.0.0
178 silly placeDep ROOT concat-map@0.0.1 OK for: brace-expansion@1.1.11 want: 0.0.1
179 timing idealTree:node_modules/brace-expansion Completed in 1ms
180 timing idealTree:node_modules/balanced-match Completed in 1ms
181 timing idealTree:node_modules/concat-map Completed in 0ms
182 timing idealTree:node_modules/mri Completed in 0ms
183 timing idealTree:node_modules/ms Completed in 0ms
184 silly placeDep ROOT callsites@3.1.0 OK for: parent-module@1.0.1 want: ^3.0.0
185 timing idealTree:node_modules/parent-module Completed in 1ms
186 timing idealTree:node_modules/callsites Completed in 0ms
187 timing idealTree:node_modules/path-key Completed in 0ms
188 timing idealTree:node_modules/resolve-from Completed in 0ms
189 silly placeDep ROOT lru-cache@6.0.0 OK for: semver@7.3.8 want: ^6.0.0
190 silly fetch manifest yallist@^4.0.0
191 http fetch GET 200 https://registry.npmjs.org/yallist 66ms (cache miss)
192 timing idealTree:node_modules/semver Completed in 67ms
193 silly placeDep ROOT yallist@4.0.0 OK for: lru-cache@6.0.0 want: ^4.0.0
194 timing idealTree:node_modules/lru-cache Completed in 1ms
195 silly placeDep ROOT shebang-regex@3.0.0 OK for: shebang-command@2.0.0 want: ^3.0.0
196 timing idealTree:node_modules/shebang-command Completed in 1ms
197 timing idealTree:node_modules/shebang-regex Completed in 1ms
198 timing idealTree:node_modules/strip-json-comments Completed in 0ms
199 timing idealTree:node_modules/type-fest Completed in 0ms
200 silly placeDep ROOT punycode@2.1.1 OK for: uri-js@4.4.1 want: ^2.1.0
201 timing idealTree:node_modules/uri-js Completed in 0ms
202 timing idealTree:node_modules/punycode Completed in 0ms
203 silly placeDep ROOT isexe@2.0.0 OK for: which@2.0.2 want: ^2.0.0
204 timing idealTree:node_modules/which Completed in 1ms
205 timing idealTree:node_modules/isexe Completed in 0ms
206 timing idealTree:node_modules/yallist Completed in 0ms
207 timing idealTree:buildDeps Completed in 816ms
208 timing idealTree:fixDepFlags Completed in 1ms
209 timing idealTree Completed in 827ms
210 timing reify:loadTrees Completed in 827ms
211 timing reify:diffTrees Completed in 1ms
212 silly reify moves {}
213 timing reify:retireShallow Completed in 1ms
214 timing reify:createSparse Completed in 11ms
215 timing reify:loadBundles Completed in 0ms
216 silly audit bulk request {
216 silly audit   '@eslint/create-config': [ '0.4.0' ],
216 silly audit   '@eslint/eslintrc': [ '1.3.3' ],
216 silly audit   'cross-spawn': [ '7.0.3' ],
216 silly audit   debug: [ '4.3.4' ],
216 silly audit   enquirer: [ '2.3.6' ],
216 silly audit   'js-yaml': [ '4.1.0' ],
216 silly audit   'json-stable-stringify-without-jsonify': [ '1.0.1' ],
216 silly audit   mri: [ '1.2.0' ],
216 silly audit   semver: [ '7.3.8' ],
216 silly audit   ajv: [ '6.12.6' ],
216 silly audit   espree: [ '9.4.0' ],
216 silly audit   globals: [ '13.17.0' ],
216 silly audit   ignore: [ '5.2.0' ],
216 silly audit   'import-fresh': [ '3.3.0' ],
216 silly audit   minimatch: [ '3.1.2' ],
216 silly audit   'strip-json-comments': [ '3.1.1' ],
216 silly audit   'fast-deep-equal': [ '3.1.3' ],
216 silly audit   'fast-json-stable-stringify': [ '2.1.0' ],
216 silly audit   'json-schema-traverse': [ '0.4.1' ],
216 silly audit   'uri-js': [ '4.4.1' ],
216 silly audit   'path-key': [ '3.1.1' ],
216 silly audit   'shebang-command': [ '2.0.0' ],
216 silly audit   which: [ '2.0.2' ],
216 silly audit   ms: [ '2.1.2' ],
216 silly audit   'ansi-colors': [ '4.1.3' ],
216 silly audit   acorn: [ '8.8.1' ],
216 silly audit   'acorn-jsx': [ '5.3.2' ],
216 silly audit   'eslint-visitor-keys': [ '3.3.0' ],
216 silly audit   'type-fest': [ '0.20.2' ],
216 silly audit   'parent-module': [ '1.0.1' ],
216 silly audit   'resolve-from': [ '4.0.0' ],
216 silly audit   argparse: [ '2.0.1' ],
216 silly audit   'brace-expansion': [ '1.1.11' ],
216 silly audit   'balanced-match': [ '1.0.2' ],
216 silly audit   'concat-map': [ '0.0.1' ],
216 silly audit   callsites: [ '3.1.0' ],
216 silly audit   'lru-cache': [ '6.0.0' ],
216 silly audit   yallist: [ '4.0.0' ],
216 silly audit   'shebang-regex': [ '3.0.0' ],
216 silly audit   punycode: [ '2.1.1' ],
216 silly audit   isexe: [ '2.0.0' ]
216 silly audit }
217 silly tarball no local data for punycode@https://registry.npmjs.org/punycode/-/punycode-2.1.1.tgz. Extracting by manifest.
218 silly tarball no local data for isexe@https://registry.npmjs.org/isexe/-/isexe-2.0.0.tgz. Extracting by manifest.
219 silly tarball no local data for shebang-regex@https://registry.npmjs.org/shebang-regex/-/shebang-regex-3.0.0.tgz. Extracting by manifest.
220 silly tarball no local data for yallist@https://registry.npmjs.org/yallist/-/yallist-4.0.0.tgz. Extracting by manifest.
221 silly tarball no local data for callsites@https://registry.npmjs.org/callsites/-/callsites-3.1.0.tgz. Extracting by manifest.
222 silly tarball no local data for lru-cache@https://registry.npmjs.org/lru-cache/-/lru-cache-6.0.0.tgz. Extracting by manifest.
223 silly tarball no local data for concat-map@https://registry.npmjs.org/concat-map/-/concat-map-0.0.1.tgz. Extracting by manifest.
224 silly tarball no local data for balanced-match@https://registry.npmjs.org/balanced-match/-/balanced-match-1.0.2.tgz. Extracting by manifest.
225 silly tarball no local data for brace-expansion@https://registry.npmjs.org/brace-expansion/-/brace-expansion-1.1.11.tgz. Extracting by manifest.
226 silly tarball no local data for argparse@https://registry.npmjs.org/argparse/-/argparse-2.0.1.tgz. Extracting by manifest.
227 silly tarball no local data for resolve-from@https://registry.npmjs.org/resolve-from/-/resolve-from-4.0.0.tgz. Extracting by manifest.
228 silly tarball no local data for type-fest@https://registry.npmjs.org/type-fest/-/type-fest-0.20.2.tgz. Extracting by manifest.
229 silly tarball no local data for parent-module@https://registry.npmjs.org/parent-module/-/parent-module-1.0.1.tgz. Extracting by manifest.
230 silly tarball no local data for acorn-jsx@https://registry.npmjs.org/acorn-jsx/-/acorn-jsx-5.3.2.tgz. Extracting by manifest.
231 silly tarball no local data for eslint-visitor-keys@https://registry.npmjs.org/eslint-visitor-keys/-/eslint-visitor-keys-3.3.0.tgz. Extracting by manifest.
232 silly tarball no local data for acorn@https://registry.npmjs.org/acorn/-/acorn-8.8.1.tgz. Extracting by manifest.
233 silly tarball no local data for which@https://registry.npmjs.org/which/-/which-2.0.2.tgz. Extracting by manifest.
234 silly tarball no local data for ms@https://registry.npmjs.org/ms/-/ms-2.1.2.tgz. Extracting by manifest.
235 silly tarball no local data for ansi-colors@https://registry.npmjs.org/ansi-colors/-/ansi-colors-4.1.3.tgz. Extracting by manifest.
236 silly tarball no local data for path-key@https://registry.npmjs.org/path-key/-/path-key-3.1.1.tgz. Extracting by manifest.
237 silly tarball no local data for shebang-command@https://registry.npmjs.org/shebang-command/-/shebang-command-2.0.0.tgz. Extracting by manifest.
238 silly tarball no local data for uri-js@https://registry.npmjs.org/uri-js/-/uri-js-4.4.1.tgz. Extracting by manifest.
239 silly tarball no local data for fast-json-stable-stringify@https://registry.npmjs.org/fast-json-stable-stringify/-/fast-json-stable-stringify-2.1.0.tgz. Extracting by manifest.
240 silly tarball no local data for fast-deep-equal@https://registry.npmjs.org/fast-deep-equal/-/fast-deep-equal-3.1.3.tgz. Extracting by manifest.
241 silly tarball no local data for json-schema-traverse@https://registry.npmjs.org/json-schema-traverse/-/json-schema-traverse-0.4.1.tgz. Extracting by manifest.
242 silly tarball no local data for strip-json-comments@https://registry.npmjs.org/strip-json-comments/-/strip-json-comments-3.1.1.tgz. Extracting by manifest.
243 silly tarball no local data for minimatch@https://registry.npmjs.org/minimatch/-/minimatch-3.1.2.tgz. Extracting by manifest.
244 silly tarball no local data for import-fresh@https://registry.npmjs.org/import-fresh/-/import-fresh-3.3.0.tgz. Extracting by manifest.
245 silly tarball no local data for ignore@https://registry.npmjs.org/ignore/-/ignore-5.2.0.tgz. Extracting by manifest.
246 silly tarball no local data for espree@https://registry.npmjs.org/espree/-/espree-9.4.0.tgz. Extracting by manifest.
247 silly tarball no local data for globals@https://registry.npmjs.org/globals/-/globals-13.17.0.tgz. Extracting by manifest.
248 silly tarball no local data for ajv@https://registry.npmjs.org/ajv/-/ajv-6.12.6.tgz. Extracting by manifest.
249 silly tarball no local data for semver@https://registry.npmjs.org/semver/-/semver-7.3.8.tgz. Extracting by manifest.
250 silly tarball no local data for mri@https://registry.npmjs.org/mri/-/mri-1.2.0.tgz. Extracting by manifest.
251 silly tarball no local data for json-stable-stringify-without-jsonify@https://registry.npmjs.org/json-stable-stringify-without-jsonify/-/json-stable-stringify-without-jsonify-1.0.1.tgz. Extracting by manifest.
252 silly tarball no local data for js-yaml@https://registry.npmjs.org/js-yaml/-/js-yaml-4.1.0.tgz. Extracting by manifest.
253 silly tarball no local data for enquirer@https://registry.npmjs.org/enquirer/-/enquirer-2.3.6.tgz. Extracting by manifest.
254 silly tarball no local data for cross-spawn@https://registry.npmjs.org/cross-spawn/-/cross-spawn-7.0.3.tgz. Extracting by manifest.
255 silly tarball no local data for debug@https://registry.npmjs.org/debug/-/debug-4.3.4.tgz. Extracting by manifest.
256 silly tarball no local data for @eslint/eslintrc@https://registry.npmjs.org/@eslint/eslintrc/-/eslintrc-1.3.3.tgz. Extracting by manifest.
257 silly tarball no local data for @eslint/create-config@https://registry.npmjs.org/@eslint/create-config/-/create-config-0.4.0.tgz. Extracting by manifest.
258 http fetch GET 200 https://registry.npmjs.org/callsites/-/callsites-3.1.0.tgz 149ms (cache miss)
259 http fetch GET 200 https://registry.npmjs.org/parent-module/-/parent-module-1.0.1.tgz 149ms (cache miss)
260 timing reifyNode:node_modules/parent-module Completed in 173ms
261 http fetch GET 200 https://registry.npmjs.org/brace-expansion/-/brace-expansion-1.1.11.tgz 157ms (cache miss)
262 timing reifyNode:node_modules/brace-expansion Completed in 179ms
263 timing reifyNode:node_modules/callsites Completed in 179ms
264 http fetch GET 200 https://registry.npmjs.org/isexe/-/isexe-2.0.0.tgz 169ms (cache miss)
265 http fetch GET 200 https://registry.npmjs.org/lru-cache/-/lru-cache-6.0.0.tgz 166ms (cache miss)
266 timing reifyNode:node_modules/lru-cache Completed in 186ms
267 http fetch GET 200 https://registry.npmjs.org/resolve-from/-/resolve-from-4.0.0.tgz 163ms (cache miss)
268 timing reifyNode:node_modules/resolve-from Completed in 186ms
269 http fetch GET 200 https://registry.npmjs.org/balanced-match/-/balanced-match-1.0.2.tgz 175ms (cache miss)
270 timing reifyNode:node_modules/balanced-match Completed in 195ms
271 http fetch GET 200 https://registry.npmjs.org/punycode/-/punycode-2.1.1.tgz 181ms (cache miss)
272 timing reifyNode:node_modules/punycode Completed in 196ms
273 http fetch GET 200 https://registry.npmjs.org/shebang-regex/-/shebang-regex-3.0.0.tgz 180ms (cache miss)
274 timing reifyNode:node_modules/shebang-regex Completed in 197ms
275 http fetch GET 200 https://registry.npmjs.org/concat-map/-/concat-map-0.0.1.tgz 183ms (cache miss)
276 http fetch GET 200 https://registry.npmjs.org/yallist/-/yallist-4.0.0.tgz 197ms (cache miss)
277 timing reifyNode:node_modules/yallist Completed in 215ms
278 timing reifyNode:node_modules/concat-map Completed in 237ms
279 http fetch GET 200 https://registry.npmjs.org/shebang-command/-/shebang-command-2.0.0.tgz 209ms (cache miss)
280 timing reifyNode:node_modules/shebang-command Completed in 240ms
281 timing reifyNode:node_modules/isexe Completed in 244ms
282 http fetch GET 200 https://registry.npmjs.org/ms/-/ms-2.1.2.tgz 221ms (cache miss)
283 timing reifyNode:node_modules/ms Completed in 250ms
284 http fetch GET 200 https://registry.npmjs.org/path-key/-/path-key-3.1.1.tgz 226ms (cache miss)
285 timing reifyNode:node_modules/path-key Completed in 256ms
286 http fetch GET 200 https://registry.npmjs.org/which/-/which-2.0.2.tgz 230ms (cache miss)
287 http fetch GET 200 https://registry.npmjs.org/strip-json-comments/-/strip-json-comments-3.1.1.tgz 225ms (cache miss)
288 timing reifyNode:node_modules/strip-json-comments Completed in 259ms
289 http fetch GET 200 https://registry.npmjs.org/fast-deep-equal/-/fast-deep-equal-3.1.3.tgz 228ms (cache miss)
290 http fetch GET 200 https://registry.npmjs.org/import-fresh/-/import-fresh-3.3.0.tgz 227ms (cache miss)
291 timing reifyNode:node_modules/import-fresh Completed in 265ms
292 http fetch GET 200 https://registry.npmjs.org/acorn-jsx/-/acorn-jsx-5.3.2.tgz 243ms (cache miss)
293 timing reifyNode:node_modules/which Completed in 270ms
294 http fetch GET 200 https://registry.npmjs.org/minimatch/-/minimatch-3.1.2.tgz 236ms (cache miss)
295 timing reifyNode:node_modules/minimatch Completed in 271ms
296 timing reifyNode:node_modules/acorn-jsx Completed in 273ms
297 http fetch GET 200 https://registry.npmjs.org/eslint-visitor-keys/-/eslint-visitor-keys-3.3.0.tgz 256ms (cache miss)
298 http fetch GET 200 https://registry.npmjs.org/globals/-/globals-13.17.0.tgz 247ms (cache miss)
299 timing reifyNode:node_modules/eslint-visitor-keys Completed in 287ms
300 http fetch GET 200 https://registry.npmjs.org/argparse/-/argparse-2.0.1.tgz 266ms (cache miss)
301 timing reifyNode:node_modules/argparse Completed in 289ms
302 timing reifyNode:node_modules/globals Completed in 289ms
303 http fetch GET 200 https://registry.npmjs.org/ignore/-/ignore-5.2.0.tgz 256ms (cache miss)
304 http fetch GET 200 https://registry.npmjs.org/ansi-colors/-/ansi-colors-4.1.3.tgz 265ms (cache miss)
305 timing reifyNode:node_modules/ansi-colors Completed in 295ms
306 http fetch GET 200 https://registry.npmjs.org/json-schema-traverse/-/json-schema-traverse-0.4.1.tgz 262ms (cache miss)
307 timing reifyNode:node_modules/ignore Completed in 296ms
308 http fetch GET 200 https://registry.npmjs.org/debug/-/debug-4.3.4.tgz 251ms (cache miss)
309 timing reifyNode:node_modules/json-schema-traverse Completed in 298ms
310 http fetch GET 200 https://registry.npmjs.org/mri/-/mri-1.2.0.tgz 259ms (cache miss)
311 http fetch GET 200 https://registry.npmjs.org/@eslint/create-config/-/create-config-0.4.0.tgz 252ms (cache miss)
312 timing reifyNode:node_modules/debug Completed in 300ms
313 timing reifyNode:node_modules/mri Completed in 302ms
314 timing reifyNode:node_modules/fast-deep-equal Completed in 304ms
315 http fetch GET 200 https://registry.npmjs.org/cross-spawn/-/cross-spawn-7.0.3.tgz 261ms (cache miss)
316 timing reifyNode:node_modules/cross-spawn Completed in 308ms
317 http fetch GET 200 https://registry.npmjs.org/espree/-/espree-9.4.0.tgz 273ms (cache miss)
318 timing reifyNode:node_modules/espree Completed in 311ms
319 timing reifyNode:node_modules/@eslint/create-config Completed in 313ms
320 http fetch GET 200 https://registry.npmjs.org/json-stable-stringify-without-jsonify/-/json-stable-stringify-without-jsonify-1.0.1.tgz 276ms (cache miss)
321 timing reifyNode:node_modules/json-stable-stringify-without-jsonify Completed in 322ms
322 http fetch GET 200 https://registry.npmjs.org/fast-json-stable-stringify/-/fast-json-stable-stringify-2.1.0.tgz 290ms (cache miss)
323 timing reifyNode:node_modules/fast-json-stable-stringify Completed in 324ms
324 http fetch GET 200 https://registry.npmjs.org/acorn/-/acorn-8.8.1.tgz 310ms (cache miss)
325 timing reifyNode:node_modules/acorn Completed in 338ms
326 http fetch GET 200 https://registry.npmjs.org/type-fest/-/type-fest-0.20.2.tgz 343ms (cache miss)
327 timing reifyNode:node_modules/type-fest Completed in 366ms
328 http fetch GET 200 https://registry.npmjs.org/js-yaml/-/js-yaml-4.1.0.tgz 331ms (cache miss)
329 timing reifyNode:node_modules/js-yaml Completed in 375ms
330 http fetch GET 200 https://registry.npmjs.org/semver/-/semver-7.3.8.tgz 345ms (cache miss)
331 timing reifyNode:node_modules/semver Completed in 385ms
332 http fetch GET 200 https://registry.npmjs.org/uri-js/-/uri-js-4.4.1.tgz 356ms (cache miss)
333 http fetch GET 200 https://registry.npmjs.org/enquirer/-/enquirer-2.3.6.tgz 342ms (cache miss)
334 timing reifyNode:node_modules/enquirer Completed in 388ms
335 timing reifyNode:node_modules/uri-js Completed in 388ms
336 http fetch GET 200 https://registry.npmjs.org/@eslint/eslintrc/-/eslintrc-1.3.3.tgz 360ms (cache miss)
337 timing reifyNode:node_modules/@eslint/eslintrc Completed in 407ms
338 http fetch GET 200 https://registry.npmjs.org/ajv/-/ajv-6.12.6.tgz 426ms (cache miss)
339 timing reifyNode:node_modules/ajv Completed in 464ms
340 timing reify:unpack Completed in 466ms
341 timing reify:unretire Completed in 0ms
342 timing build:queue Completed in 1ms
343 timing build:link:node_modules/js-yaml Completed in 13ms
344 timing build:link:node_modules/acorn Completed in 13ms
345 timing build:link:node_modules/@eslint/create-config Completed in 14ms
346 timing build:link:node_modules/semver Completed in 14ms
347 timing build:link:node_modules/which Completed in 14ms
348 timing build:link Completed in 15ms
349 timing build:deps Completed in 16ms
350 timing build Completed in 16ms
351 timing reify:build Completed in 16ms
352 timing reify:trash Completed in 0ms
353 timing reify:save Completed in 11ms
354 http fetch POST 200 https://registry.npmjs.org/-/npm/v1/security/advisories/bulk 615ms
355 timing auditReport:getReport Completed in 617ms
356 silly audit report {}
357 timing auditReport:init Completed in 0ms
358 timing reify:audit Completed in 618ms
359 timing reify Completed in 1459ms
360 timing command:init Completed in 90231ms
361 verbose exit 0
362 timing npm Completed in 90365ms
363 info ok
