0 verbose cli C:\Program Files\nodejs\node.exe C:\Program Files (x86)\Nodist\bin\node_modules\npm\bin\npm-cli.js
1 info using npm@8.19.2
2 info using node@v14.18.1
3 timing npm:load:whichnode Completed in 0ms
4 timing config:load:defaults Completed in 1ms
5 timing config:load:file:C:\Program Files (x86)\Nodist\bin\node_modules\npm\npmrc Completed in 2ms
6 timing config:load:builtin Completed in 2ms
7 timing config:load:cli Completed in 2ms
8 timing config:load:env Completed in 0ms
9 timing config:load:file:C:\Users\abeta\OneDrive\デスクトップ\react\todolist-youtube\.npmrc Completed in 0ms
10 timing config:load:project Completed in 3ms
11 timing config:load:file:C:\Users\abeta\.npmrc Completed in 1ms
12 timing config:load:user Completed in 1ms
13 timing config:load:file:C:\Program Files (x86)\Nodist\bin\etc\npmrc Completed in 0ms
14 timing config:load:global Completed in 0ms
15 timing config:load:validate Completed in 1ms
16 timing config:load:credentials Completed in 0ms
17 timing config:load:setEnvs Completed in 1ms
18 timing config:load Completed in 11ms
19 timing npm:load:configload Completed in 11ms
20 timing npm:load:mkdirpcache Completed in 1ms
21 timing npm:load:mkdirplogs Completed in 0ms
22 verbose title npm start
23 verbose argv "start"
24 timing npm:load:setTitle Completed in 1ms
25 timing config:load:flatten Completed in 2ms
26 timing npm:load:display Completed in 3ms
27 verbose logfile logs-max:10 dir:C:\Users\abeta\OneDrive\デスクトップ\react\todolist-youtube\_logs
28 verbose logfile C:\Users\abeta\OneDrive\デスクトップ\react\todolist-youtube\_logs\2022-10-26T12_11_08_830Z-debug-0.log
29 timing npm:load:logFile Completed in 5ms
30 timing npm:load:timers Completed in 0ms
31 timing npm:load:configScope Completed in 0ms
32 timing npm:load Completed in 21ms
33 silly logfile done cleaning log files
34 http fetch GET 200 https://registry.npmjs.org/npm 289ms (cache miss)
35 http fetch GET 200 https://registry.npmjs.org/npm 475ms (cache miss)
